[05/17/26 16:39:48] INFO     Processing request of type           server.py:727
                             ListToolsRequest                                  

─── iter 1 ───
[memory.read]   3 hits
                tool_outcome: update_file → ok
                tool_outcome: create_file → ok
                fact: The user's mom's birthday is on 15 May 2026 and the user wants calendar reminders two weeks before and on the day.
[perception]    [open] Retrieve the user's mom's birthday from memory
                [open] Confirm and summarise the date of mom's birthday
[decision]      ANSWER: The user's mom's birthday is May 15, 2026.

─── iter 2 ───
[memory.read]   3 hits
                tool_outcome: update_file → ok
                tool_outcome: create_file → ok
                fact: The user's mom's birthday is on 15 May 2026 and the user wants calendar reminders two weeks before and on the day.
[perception]    [done] Retrieve the user's mom's birthday from memory
                [open] Confirm and summarise the date of mom's birthday
[decision]      ANSWER: Your mom's birthday is confirmed for May 15, 2026. You have set calendar reminders for two weeks before the date and on the day itself.

─── iter 3 ───
[memory.read]   3 hits
                tool_outcome: update_file → ok
                tool_outcome: create_file → ok
                fact: The user's mom's birthday is on 15 May 2026 and the user wants calendar reminders two weeks before and on the day.
[perception]    [done] Retrieve the user's mom's birthday from memory
                [done] Confirm and summarise the date of mom's birthday

[done] all 2 goals satisfied

FINAL: Your mom's birthday is confirmed for May 15, 2026. You have set calendar reminders for two weeks before the date and on the day itself.
